<?xml version="1.0" encoding="UTF-8"?>
<coverage generated="1618350233101" clover="3.2.0">
  <project timestamp="1618350233101" name="All files">
    <metrics statements="5" coveredstatements="2" conditionals="2" coveredconditionals="0" methods="3" coveredmethods="1" elements="10" coveredelements="3" complexity="0" loc="5" ncloc="5" packages="1" files="1" classes="1"/>
    <file name="sudoku.js" path="/Users/jonathanstull/Desktop/Epicodus/sudoku-scanner/src/sudoku.js">
      <metrics statements="5" coveredstatements="2" conditionals="2" coveredconditionals="0" methods="3" coveredmethods="1"/>
      <line num="2" count="2" type="stmt"/>
      <line num="5" count="1" type="stmt"/>
      <line num="6" count="0" type="stmt"/>
      <line num="7" count="0" type="cond" truecount="0" falsecount="2"/>
      <line num="8" count="0" type="stmt"/>
    </file>
  </project>
</coverage>
