{"/Users/jonathanstull/Desktop/Epicodus/sudoku-scanner/src/sudoku.js": {"path":"/Users/jonathanstull/Desktop/Epicodus/sudoku-scanner/src/sudoku.js","statementMap":{"0":{"start":{"line":2,"column":2},"end":{"line":2,"column":81}}},"fnMap":{"0":{"name":"SudoRow1","decl":{"start":{"line":1,"column":24},"end":{"line":1,"column":32}},"loc":{"start":{"line":1,"column":96},"end":{"line":3,"column":1}},"line":1}},"branchMap":{},"s":{"0":1},"f":{"0":1},"b":{},"_coverageSchema":"43e27e138ebf9cfc5966b082cf9a028302ed4184","hash":"335b5497365bac1fdf0b8133d95aabeed09e07d3"}
}
